<?xml version="1.0" encoding="UTF-8"?>
<!-- Generated by org.testng.reporters.JUnitXMLReporter -->
<testsuite ignored="0" hostname="DESKTOP-NIMS9DE" failures="0" tests="3" name="Default test" time="20.818" errors="0" timestamp="2022-08-16T08:50:53 IST">
  <testcase classname="faceBookLogin.FaceLoginTest" name="userDetails" time="10.933"/>
  <testcase classname="faceBookLogin.FaceLoginTest" name="forgot" time="9.651"/>
  <testcase classname="faceBookLogin.FaceLoginTest" name="submit" time="0.193"/>
</testsuite> <!-- Default test -->
